2026.03.04 15:44:13 INFO  Started: Metals version 1.6.6 in folders 'D:\Универ\Учеба\4 курс\2 семестр\JAVAП\cryptotracker' for client Visual Studio Code 1.109.5.
2026.03.04 15:44:13 INFO  Memory monitor started
2026.03.04 15:44:13 WARN  Using H2 2.4.240 which is newer than the version Flyway has been verified with. The latest verified version of H2 is 2.3.232.
2026.03.04 15:44:14 INFO  no build target found for D:\Универ\Учеба\4 курс\2 семестр\JAVAП\cryptotracker\src\main\java\com\cryptotracker\cryptotracker\repository\PortfolioRepository.java. Using fallback presentation compiler.
2026.03.04 15:44:15 INFO  no build target found for D:\Универ\Учеба\4 курс\2 семестр\JAVAП\cryptotracker\src\main\java\com\cryptotracker\cryptotracker\repository\PortfolioRepository.java. Using fallback presentation compiler.
2026.03.04 15:44:22 INFO  no build target found for D:\Универ\Учеба\4 курс\2 семестр\JAVAП\cryptotracker\src\main\java\com\cryptotracker\cryptotracker\repository\PortfolioRepository.java. Using fallback presentation compiler.
2026.03.04 15:44:22 INFO  no build target found for D:\Универ\Учеба\4 курс\2 семестр\JAVAП\cryptotracker\src\main\java\com\cryptotracker\cryptotracker\repository\PortfolioRepository.java. Using fallback presentation compiler.
2026.03.04 15:44:22 INFO  no build target found for D:\Универ\Учеба\4 курс\2 семестр\JAVAП\cryptotracker\src\main\java\com\cryptotracker\cryptotracker\repository\PortfolioRepository.java. Using fallback presentation compiler.
2026.03.04 15:44:22 INFO  no build target found for D:\Универ\Учеба\4 курс\2 семестр\JAVAП\cryptotracker\src\main\java\com\cryptotracker\cryptotracker\repository\PortfolioRepository.java. Using fallback presentation compiler.
2026.03.04 15:44:23 INFO  no build target found for D:\Универ\Учеба\4 курс\2 семестр\JAVAП\cryptotracker\src\main\java\com\cryptotracker\cryptotracker\repository\PortfolioRepository.java. Using fallback presentation compiler.
2026.03.04 15:44:24 WARN  no build target for: D:\Универ\Учеба\4 курс\2 семестр\JAVAП\cryptotracker\src\main\java\com\cryptotracker\cryptotracker\repository\PortfolioRepository.java
2026.03.04 15:44:24 INFO  no build target found for D:\Универ\Учеба\4 курс\2 семестр\JAVAП\cryptotracker\src\main\java\com\cryptotracker\cryptotracker\repository\PortfolioRepository.java. Using fallback presentation compiler.
2026.03.04 15:44:25 INFO  no build target found for D:\Универ\Учеба\4 курс\2 семестр\JAVAП\cryptotracker\src\main\java\com\cryptotracker\cryptotracker\repository\PortfolioRepository.java. Using fallback presentation compiler.
2026.03.04 15:44:25 WARN  Running javac-semanticdb failed for file:///D:/Универ/Учеба/4%20курс/2%20семестр/JAVAП/cryptotracker/src/main/java/com/cryptotracker/cryptotracker/repository/PortfolioRepository.java. Output:

2026.03.04 15:52:34 INFO  no build target found for D:\Универ\Учеба\4 курс\2 семестр\JAVAП\cryptotracker\src\main\java\com\cryptotracker\cryptotracker\service\CryptoService.java. Using fallback presentation compiler.
2026.03.04 15:52:35 INFO  no build target found for D:\Универ\Учеба\4 курс\2 семестр\JAVAП\cryptotracker\src\main\java\com\cryptotracker\cryptotracker\service\CryptoService.java. Using fallback presentation compiler.
2026.03.04 15:52:35 INFO  no build target found for D:\Универ\Учеба\4 курс\2 семестр\JAVAП\cryptotracker\src\main\java\com\cryptotracker\cryptotracker\service\CryptoService.java. Using fallback presentation compiler.
2026.03.04 15:52:35 INFO  no build target found for D:\Универ\Учеба\4 курс\2 семестр\JAVAП\cryptotracker\src\main\java\com\cryptotracker\cryptotracker\service\CryptoService.java. Using fallback presentation compiler.
2026.03.04 15:52:35 INFO  no build target found for D:\Универ\Учеба\4 курс\2 семестр\JAVAП\cryptotracker\src\main\java\com\cryptotracker\cryptotracker\service\CryptoService.java. Using fallback presentation compiler.
2026.03.04 15:53:25 INFO  no build target found for D:\Универ\Учеба\4 курс\2 семестр\JAVAП\cryptotracker\src\main\java\com\cryptotracker\cryptotracker\service\CryptoService.java. Using fallback presentation compiler.
2026.03.04 15:53:25 INFO  no build target found for D:\Универ\Учеба\4 курс\2 семестр\JAVAП\cryptotracker\src\main\java\com\cryptotracker\cryptotracker\service\CryptoService.java. Using fallback presentation compiler.
2026.03.04 15:53:25 INFO  no build target found for D:\Универ\Учеба\4 курс\2 семестр\JAVAП\cryptotracker\src\main\java\com\cryptotracker\cryptotracker\service\CryptoService.java. Using fallback presentation compiler.
2026.03.04 15:53:26 INFO  no build target found for D:\Универ\Учеба\4 курс\2 семестр\JAVAП\cryptotracker\src\main\java\com\cryptotracker\cryptotracker\service\CryptoService.java. Using fallback presentation compiler.
2026.03.04 15:53:26 INFO  no build target found for D:\Универ\Учеба\4 курс\2 семестр\JAVAП\cryptotracker\src\main\java\com\cryptotracker\cryptotracker\service\CryptoService.java. Using fallback presentation compiler.
2026.03.04 15:53:29 WARN  no build target for: D:\Универ\Учеба\4 курс\2 семестр\JAVAП\cryptotracker\src\main\java\com\cryptotracker\cryptotracker\service\CryptoService.java
2026.03.04 15:53:29 INFO  no build target found for D:\Универ\Учеба\4 курс\2 семестр\JAVAП\cryptotracker\src\main\java\com\cryptotracker\cryptotracker\service\CryptoService.java. Using fallback presentation compiler.
2026.03.04 15:53:29 WARN  Running javac-semanticdb failed for file:///D:/Универ/Учеба/4%20курс/2%20семестр/JAVAП/cryptotracker/src/main/java/com/cryptotracker/cryptotracker/service/CryptoService.java. Output:

2026.03.04 15:53:29 INFO  no build target found for D:\Универ\Учеба\4 курс\2 семестр\JAVAП\cryptotracker\src\main\java\com\cryptotracker\cryptotracker\service\CryptoService.java. Using fallback presentation compiler.
2026.03.04 15:53:29 INFO  no build target found for D:\Универ\Учеба\4 курс\2 семестр\JAVAП\cryptotracker\src\main\java\com\cryptotracker\cryptotracker\service\CryptoService.java. Using fallback presentation compiler.
2026.03.04 15:53:29 INFO  no build target found for D:\Универ\Учеба\4 курс\2 семестр\JAVAП\cryptotracker\src\main\java\com\cryptotracker\cryptotracker\service\CryptoService.java. Using fallback presentation compiler.
2026.03.04 15:54:05 INFO  no build target found for D:\Универ\Учеба\4 курс\2 семестр\JAVAП\cryptotracker\src\main\java\com\cryptotracker\cryptotracker\controller\MainController.java. Using fallback presentation compiler.
2026.03.04 15:54:05 INFO  no build target found for D:\Универ\Учеба\4 курс\2 семестр\JAVAП\cryptotracker\src\main\java\com\cryptotracker\cryptotracker\controller\MainController.java. Using fallback presentation compiler.
мар. 04, 2026 3:54:05 PM org.eclipse.lsp4j.jsonrpc.RemoteEndpoint handleCancellation
WARNING: Unmatched cancel notification for request id 58
2026.03.04 15:54:05 INFO  no build target found for D:\Универ\Учеба\4 курс\2 семестр\JAVAП\cryptotracker\src\main\java\com\cryptotracker\cryptotracker\controller\MainController.java. Using fallback presentation compiler.
2026.03.04 15:54:05 INFO  no build target found for D:\Универ\Учеба\4 курс\2 семестр\JAVAП\cryptotracker\src\main\java\com\cryptotracker\cryptotracker\controller\MainController.java. Using fallback presentation compiler.
2026.03.04 15:54:10 INFO  no build target found for D:\Универ\Учеба\4 курс\2 семестр\JAVAП\cryptotracker\src\main\java\com\cryptotracker\cryptotracker\controller\MainController.java. Using fallback presentation compiler.
2026.03.04 15:54:10 INFO  no build target found for D:\Универ\Учеба\4 курс\2 семестр\JAVAП\cryptotracker\src\main\java\com\cryptotracker\cryptotracker\controller\MainController.java. Using fallback presentation compiler.
2026.03.04 15:54:10 INFO  no build target found for D:\Универ\Учеба\4 курс\2 семестр\JAVAП\cryptotracker\src\main\java\com\cryptotracker\cryptotracker\controller\MainController.java. Using fallback presentation compiler.
2026.03.04 15:54:11 INFO  no build target found for D:\Универ\Учеба\4 курс\2 семестр\JAVAП\cryptotracker\src\main\java\com\cryptotracker\cryptotracker\controller\MainController.java. Using fallback presentation compiler.
2026.03.04 15:54:10 INFO  no build target found for D:\Универ\Учеба\4 курс\2 семестр\JAVAП\cryptotracker\src\main\java\com\cryptotracker\cryptotracker\controller\MainController.java. Using fallback presentation compiler.
2026.03.04 15:54:12 WARN  no build target for: D:\Универ\Учеба\4 курс\2 семестр\JAVAП\cryptotracker\src\main\java\com\cryptotracker\cryptotracker\controller\MainController.java
2026.03.04 15:54:12 INFO  no build target found for D:\Универ\Учеба\4 курс\2 семестр\JAVAП\cryptotracker\src\main\java\com\cryptotracker\cryptotracker\controller\MainController.java. Using fallback presentation compiler.
2026.03.04 15:54:12 WARN  Running javac-semanticdb failed for file:///D:/Универ/Учеба/4%20курс/2%20семестр/JAVAП/cryptotracker/src/main/java/com/cryptotracker/cryptotracker/controller/MainController.java. Output:

2026.03.04 15:54:12 INFO  no build target found for D:\Универ\Учеба\4 курс\2 семестр\JAVAП\cryptotracker\src\main\java\com\cryptotracker\cryptotracker\controller\MainController.java. Using fallback presentation compiler.
2026.03.04 15:56:56 INFO  no build target found for D:\Универ\Учеба\4 курс\2 семестр\JAVAП\cryptotracker\src\main\java\com\cryptotracker\cryptotracker\CryptotrackerApplication.java. Using fallback presentation compiler.
2026.03.04 15:56:56 INFO  no build target found for D:\Универ\Учеба\4 курс\2 семестр\JAVAП\cryptotracker\src\main\java\com\cryptotracker\cryptotracker\CryptotrackerApplication.java. Using fallback presentation compiler.
2026.03.04 15:56:59 INFO  no build target found for D:\Универ\Учеба\4 курс\2 семестр\JAVAП\cryptotracker\src\main\java\com\cryptotracker\cryptotracker\CryptotrackerApplication.java. Using fallback presentation compiler.
2026.03.04 15:56:59 INFO  no build target found for D:\Универ\Учеба\4 курс\2 семестр\JAVAП\cryptotracker\src\main\java\com\cryptotracker\cryptotracker\CryptotrackerApplication.java. Using fallback presentation compiler.
2026.03.04 15:57:00 INFO  no build target found for D:\Универ\Учеба\4 курс\2 семестр\JAVAП\cryptotracker\src\main\java\com\cryptotracker\cryptotracker\CryptotrackerApplication.java. Using fallback presentation compiler.
2026.03.04 15:57:00 INFO  no build target found for D:\Универ\Учеба\4 курс\2 семестр\JAVAП\cryptotracker\src\main\java\com\cryptotracker\cryptotracker\CryptotrackerApplication.java. Using fallback presentation compiler.
мар. 04, 2026 3:57:15 PM org.eclipse.lsp4j.jsonrpc.services.GenericEndpoint notify
INFO: Unsupported notification method: $/setTrace
2026.03.04 16:00:13 WARN  no build target for: D:\Универ\Учеба\4 курс\2 семестр\JAVAП\cryptotracker\src\main\java\com\cryptotracker\cryptotracker\controller\MainController.java
2026.03.04 16:00:13 INFO  no build target found for D:\Универ\Учеба\4 курс\2 семестр\JAVAП\cryptotracker\src\main\java\com\cryptotracker\cryptotracker\controller\MainController.java. Using fallback presentation compiler.
2026.03.04 16:00:13 INFO  no build target found for D:\Универ\Учеба\4 курс\2 семестр\JAVAП\cryptotracker\src\main\java\com\cryptotracker\cryptotracker\controller\MainController.java. Using fallback presentation compiler.
2026.03.04 16:00:13 INFO  no build target found for D:\Универ\Учеба\4 курс\2 семестр\JAVAП\cryptotracker\src\main\java\com\cryptotracker\cryptotracker\controller\MainController.java. Using fallback presentation compiler.
2026.03.04 16:00:13 INFO  no build target found for D:\Универ\Учеба\4 курс\2 семестр\JAVAП\cryptotracker\src\main\java\com\cryptotracker\cryptotracker\controller\MainController.java. Using fallback presentation compiler.
2026.03.04 16:00:15 INFO  no build target found for D:\Универ\Учеба\4 курс\2 семестр\JAVAП\cryptotracker\src\main\java\com\cryptotracker\cryptotracker\controller\MainController.java. Using fallback presentation compiler.
2026.03.04 16:00:15 INFO  no build target found for D:\Универ\Учеба\4 курс\2 семестр\JAVAП\cryptotracker\src\main\java\com\cryptotracker\cryptotracker\controller\MainController.java. Using fallback presentation compiler.
мар. 04, 2026 4:00:15 PM org.eclipse.lsp4j.jsonrpc.RemoteEndpoint handleCancellation
WARNING: Unmatched cancel notification for request id 107
2026.03.04 16:00:16 INFO  no build target found for D:\Универ\Учеба\4 курс\2 семестр\JAVAП\cryptotracker\src\main\java\com\cryptotracker\cryptotracker\controller\MainController.java. Using fallback presentation compiler.
2026.03.04 16:00:16 INFO  no build target found for D:\Универ\Учеба\4 курс\2 семестр\JAVAП\cryptotracker\src\main\java\com\cryptotracker\cryptotracker\controller\MainController.java. Using fallback presentation compiler.
2026.03.04 16:00:17 INFO  no build target found for D:\Универ\Учеба\4 курс\2 семестр\JAVAП\cryptotracker\src\main\java\com\cryptotracker\cryptotracker\controller\MainController.java. Using fallback presentation compiler.
2026.03.04 16:00:17 INFO  no build target found for D:\Универ\Учеба\4 курс\2 семестр\JAVAП\cryptotracker\src\main\java\com\cryptotracker\cryptotracker\controller\MainController.java. Using fallback presentation compiler.
2026.03.04 16:00:17 INFO  no build target found for D:\Универ\Учеба\4 курс\2 семестр\JAVAП\cryptotracker\src\main\java\com\cryptotracker\cryptotracker\controller\MainController.java. Using fallback presentation compiler.
2026.03.04 16:00:20 INFO  no build target found for D:\Универ\Учеба\4 курс\2 семестр\JAVAП\cryptotracker\src\main\java\com\cryptotracker\cryptotracker\controller\MainController.java. Using fallback presentation compiler.
2026.03.04 16:00:20 INFO  no build target found for D:\Универ\Учеба\4 курс\2 семестр\JAVAП\cryptotracker\src\main\java\com\cryptotracker\cryptotracker\controller\MainController.java. Using fallback presentation compiler.
2026.03.04 16:00:21 INFO  no build target found for D:\Универ\Учеба\4 курс\2 семестр\JAVAП\cryptotracker\src\main\java\com\cryptotracker\cryptotracker\controller\MainController.java. Using fallback presentation compiler.
2026.03.04 16:00:21 INFO  no build target found for D:\Универ\Учеба\4 курс\2 семестр\JAVAП\cryptotracker\src\main\java\com\cryptotracker\cryptotracker\controller\MainController.java. Using fallback presentation compiler.
мар. 04, 2026 4:00:21 PM org.eclipse.lsp4j.jsonrpc.RemoteEndpoint handleCancellation
WARNING: Unmatched cancel notification for request id 125
2026.03.04 16:00:21 INFO  no build target found for D:\Универ\Учеба\4 курс\2 семестр\JAVAП\cryptotracker\src\main\java\com\cryptotracker\cryptotracker\controller\MainController.java. Using fallback presentation compiler.
2026.03.04 16:00:21 INFO  no build target found for D:\Универ\Учеба\4 курс\2 семестр\JAVAП\cryptotracker\src\main\java\com\cryptotracker\cryptotracker\controller\MainController.java. Using fallback presentation compiler.
мар. 04, 2026 4:00:21 PM org.eclipse.lsp4j.jsonrpc.RemoteEndpoint handleCancellation
WARNING: Unmatched cancel notification for request id 127
2026.03.04 16:00:21 INFO  no build target found for D:\Универ\Учеба\4 курс\2 семестр\JAVAП\cryptotracker\src\main\java\com\cryptotracker\cryptotracker\controller\MainController.java. Using fallback presentation compiler.
2026.03.04 16:00:21 INFO  no build target found for D:\Универ\Учеба\4 курс\2 семестр\JAVAП\cryptotracker\src\main\java\com\cryptotracker\cryptotracker\controller\MainController.java. Using fallback presentation compiler.
2026.03.04 16:00:22 INFO  no build target found for D:\Универ\Учеба\4 курс\2 семестр\JAVAП\cryptotracker\src\main\java\com\cryptotracker\cryptotracker\controller\MainController.java. Using fallback presentation compiler.
2026.03.04 16:00:22 INFO  no build target found for D:\Универ\Учеба\4 курс\2 семестр\JAVAП\cryptotracker\src\main\java\com\cryptotracker\cryptotracker\controller\MainController.java. Using fallback presentation compiler.
2026.03.04 16:00:22 INFO  no build target found for D:\Универ\Учеба\4 курс\2 семестр\JAVAП\cryptotracker\src\main\java\com\cryptotracker\cryptotracker\controller\MainController.java. Using fallback presentation compiler.
2026.03.04 16:00:24 INFO  no build target found for D:\Универ\Учеба\4 курс\2 семестр\JAVAП\cryptotracker\src\main\java\com\cryptotracker\cryptotracker\controller\MainController.java. Using fallback presentation compiler.
2026.03.04 16:00:24 INFO  no build target found for D:\Универ\Учеба\4 курс\2 семестр\JAVAП\cryptotracker\src\main\java\com\cryptotracker\cryptotracker\controller\MainController.java. Using fallback presentation compiler.
2026.03.04 16:00:24 INFO  no build target found for D:\Универ\Учеба\4 курс\2 семестр\JAVAП\cryptotracker\src\main\java\com\cryptotracker\cryptotracker\controller\MainController.java. Using fallback presentation compiler.
2026.03.04 16:00:26 INFO  no build target found for D:\Универ\Учеба\4 курс\2 семестр\JAVAП\cryptotracker\src\main\java\com\cryptotracker\cryptotracker\controller\MainController.java. Using fallback presentation compiler.
2026.03.04 16:00:26 INFO  no build target found for D:\Универ\Учеба\4 курс\2 семестр\JAVAП\cryptotracker\src\main\java\com\cryptotracker\cryptotracker\controller\MainController.java. Using fallback presentation compiler.
2026.03.04 16:00:26 INFO  no build target found for D:\Универ\Учеба\4 курс\2 семестр\JAVAП\cryptotracker\src\main\java\com\cryptotracker\cryptotracker\controller\MainController.java. Using fallback presentation compiler.
2026.03.04 16:00:28 INFO  no build target found for D:\Универ\Учеба\4 курс\2 семестр\JAVAП\cryptotracker\src\main\java\com\cryptotracker\cryptotracker\controller\MainController.java. Using fallback presentation compiler.
2026.03.04 16:00:28 INFO  no build target found for D:\Универ\Учеба\4 курс\2 семестр\JAVAП\cryptotracker\src\main\java\com\cryptotracker\cryptotracker\controller\MainController.java. Using fallback presentation compiler.
2026.03.04 16:00:29 INFO  no build target found for D:\Универ\Учеба\4 курс\2 семестр\JAVAП\cryptotracker\src\main\java\com\cryptotracker\cryptotracker\controller\MainController.java. Using fallback presentation compiler.
2026.03.04 16:00:28 INFO  no build target found for D:\Универ\Учеба\4 курс\2 семестр\JAVAП\cryptotracker\src\main\java\com\cryptotracker\cryptotracker\controller\MainController.java. Using fallback presentation compiler.
2026.03.04 16:00:30 INFO  no build target found for D:\Универ\Учеба\4 курс\2 семестр\JAVAП\cryptotracker\src\main\java\com\cryptotracker\cryptotracker\controller\MainController.java. Using fallback presentation compiler.
2026.03.04 16:00:30 INFO  no build target found for D:\Универ\Учеба\4 курс\2 семестр\JAVAП\cryptotracker\src\main\java\com\cryptotracker\cryptotracker\controller\MainController.java. Using fallback presentation compiler.
2026.03.04 16:00:30 INFO  no build target found for D:\Универ\Учеба\4 курс\2 семестр\JAVAП\cryptotracker\src\main\java\com\cryptotracker\cryptotracker\controller\MainController.java. Using fallback presentation compiler.
2026.03.04 16:00:30 INFO  no build target found for D:\Универ\Учеба\4 курс\2 семестр\JAVAП\cryptotracker\src\main\java\com\cryptotracker\cryptotracker\controller\MainController.java. Using fallback presentation compiler.
2026.03.04 16:00:31 INFO  no build target found for D:\Универ\Учеба\4 курс\2 семестр\JAVAП\cryptotracker\src\main\java\com\cryptotracker\cryptotracker\controller\MainController.java. Using fallback presentation compiler.
2026.03.04 16:00:30 INFO  no build target found for D:\Универ\Учеба\4 курс\2 семестр\JAVAП\cryptotracker\src\main\java\com\cryptotracker\cryptotracker\controller\MainController.java. Using fallback presentation compiler.
2026.03.04 16:00:32 WARN  no build target for: D:\Универ\Учеба\4 курс\2 семестр\JAVAП\cryptotracker\src\main\java\com\cryptotracker\cryptotracker\controller\MainController.java
2026.03.04 16:00:32 INFO  no build target found for D:\Универ\Учеба\4 курс\2 семестр\JAVAП\cryptotracker\src\main\java\com\cryptotracker\cryptotracker\controller\MainController.java. Using fallback presentation compiler.
2026.03.04 16:00:32 WARN  Running javac-semanticdb failed for file:///D:/Универ/Учеба/4%20курс/2%20семестр/JAVAП/cryptotracker/src/main/java/com/cryptotracker/cryptotracker/controller/MainController.java. Output:

2026.03.04 16:00:33 INFO  no build target found for D:\Универ\Учеба\4 курс\2 семестр\JAVAП\cryptotracker\src\main\java\com\cryptotracker\cryptotracker\controller\MainController.java. Using fallback presentation compiler.
2026.03.04 16:00:58 WARN  no build target for: D:\Универ\Учеба\4 курс\2 семестр\JAVAП\cryptotracker\src\main\java\com\cryptotracker\cryptotracker\CryptotrackerApplication.java
2026.03.04 16:00:58 INFO  no build target found for D:\Универ\Учеба\4 курс\2 семестр\JAVAП\cryptotracker\src\main\java\com\cryptotracker\cryptotracker\CryptotrackerApplication.java. Using fallback presentation compiler.
2026.03.04 16:00:58 INFO  no build target found for D:\Универ\Учеба\4 курс\2 семестр\JAVAП\cryptotracker\src\main\java\com\cryptotracker\cryptotracker\CryptotrackerApplication.java. Using fallback presentation compiler.
мар. 04, 2026 4:02:02 PM org.eclipse.lsp4j.jsonrpc.services.GenericEndpoint notify
INFO: Unsupported notification method: $/setTrace
мар. 04, 2026 4:02:02 PM org.eclipse.lsp4j.jsonrpc.services.GenericEndpoint notify
INFO: Unsupported notification method: $/setTrace
2026.03.04 16:03:07 INFO  no build target found for D:\Универ\Учеба\4 курс\2 семестр\JAVAП\cryptotracker\src\main\java\com\cryptotracker\cryptotracker\CryptotrackerApplication.java. Using fallback presentation compiler.
2026.03.04 16:05:09 WARN  no build target for: D:\Универ\Учеба\4 курс\2 семестр\JAVAП\cryptotracker\src\main\java\com\cryptotracker\cryptotracker\controller\MainController.java
2026.03.04 16:05:09 INFO  no build target found for D:\Универ\Учеба\4 курс\2 семестр\JAVAП\cryptotracker\src\main\java\com\cryptotracker\cryptotracker\controller\MainController.java. Using fallback presentation compiler.
2026.03.04 16:05:09 INFO  no build target found for D:\Универ\Учеба\4 курс\2 семестр\JAVAП\cryptotracker\src\main\java\com\cryptotracker\cryptotracker\controller\MainController.java. Using fallback presentation compiler.
2026.03.04 16:05:09 INFO  no build target found for D:\Универ\Учеба\4 курс\2 семестр\JAVAП\cryptotracker\src\main\java\com\cryptotracker\cryptotracker\controller\MainController.java. Using fallback presentation compiler.
2026.03.04 16:05:11 INFO  no build target found for D:\Универ\Учеба\4 курс\2 семестр\JAVAП\cryptotracker\src\main\java\com\cryptotracker\cryptotracker\controller\MainController.java. Using fallback presentation compiler.
2026.03.04 16:05:13 INFO  no build target found for D:\Универ\Учеба\4 курс\2 семестр\JAVAП\cryptotracker\src\main\java\com\cryptotracker\cryptotracker\controller\MainController.java. Using fallback presentation compiler.
2026.03.04 16:05:13 INFO  no build target found for D:\Универ\Учеба\4 курс\2 семестр\JAVAП\cryptotracker\src\main\java\com\cryptotracker\cryptotracker\controller\MainController.java. Using fallback presentation compiler.
2026.03.04 16:05:14 INFO  no build target found for D:\Универ\Учеба\4 курс\2 семестр\JAVAП\cryptotracker\src\main\java\com\cryptotracker\cryptotracker\controller\MainController.java. Using fallback presentation compiler.
2026.03.04 16:05:14 INFO  no build target found for D:\Универ\Учеба\4 курс\2 семестр\JAVAП\cryptotracker\src\main\java\com\cryptotracker\cryptotracker\controller\MainController.java. Using fallback presentation compiler.
2026.03.04 16:05:14 INFO  no build target found for D:\Универ\Учеба\4 курс\2 семестр\JAVAП\cryptotracker\src\main\java\com\cryptotracker\cryptotracker\controller\MainController.java. Using fallback presentation compiler.
2026.03.04 16:05:14 INFO  no build target found for D:\Универ\Учеба\4 курс\2 семестр\JAVAП\cryptotracker\src\main\java\com\cryptotracker\cryptotracker\controller\MainController.java. Using fallback presentation compiler.
2026.03.04 16:05:14 INFO  no build target found for D:\Универ\Учеба\4 курс\2 семестр\JAVAП\cryptotracker\src\main\java\com\cryptotracker\cryptotracker\controller\MainController.java. Using fallback presentation compiler.
2026.03.04 16:05:14 INFO  no build target found for D:\Универ\Учеба\4 курс\2 семестр\JAVAП\cryptotracker\src\main\java\com\cryptotracker\cryptotracker\controller\MainController.java. Using fallback presentation compiler.
2026.03.04 16:05:14 INFO  no build target found for D:\Универ\Учеба\4 курс\2 семестр\JAVAП\cryptotracker\src\main\java\com\cryptotracker\cryptotracker\controller\MainController.java. Using fallback presentation compiler.
2026.03.04 16:05:18 WARN  no build target for: D:\Универ\Учеба\4 курс\2 семестр\JAVAП\cryptotracker\src\main\java\com\cryptotracker\cryptotracker\controller\MainController.java
2026.03.04 16:05:18 INFO  no build target found for D:\Универ\Учеба\4 курс\2 семестр\JAVAП\cryptotracker\src\main\java\com\cryptotracker\cryptotracker\controller\MainController.java. Using fallback presentation compiler.
2026.03.04 16:05:18 INFO  no build target found for D:\Универ\Учеба\4 курс\2 семестр\JAVAП\cryptotracker\src\main\java\com\cryptotracker\cryptotracker\controller\MainController.java. Using fallback presentation compiler.
2026.03.04 16:05:27 WARN  no build target for: D:\Универ\Учеба\4 курс\2 семестр\JAVAП\cryptotracker\src\main\java\com\cryptotracker\cryptotracker\service\CryptoService.java
2026.03.04 16:05:27 INFO  no build target found for D:\Универ\Учеба\4 курс\2 семестр\JAVAП\cryptotracker\src\main\java\com\cryptotracker\cryptotracker\service\CryptoService.java. Using fallback presentation compiler.
2026.03.04 16:05:27 INFO  no build target found for D:\Универ\Учеба\4 курс\2 семестр\JAVAП\cryptotracker\src\main\java\com\cryptotracker\cryptotracker\service\CryptoService.java. Using fallback presentation compiler.
2026.03.04 16:05:27 INFO  no build target found for D:\Универ\Учеба\4 курс\2 семестр\JAVAП\cryptotracker\src\main\java\com\cryptotracker\cryptotracker\service\CryptoService.java. Using fallback presentation compiler.
2026.03.04 16:05:29 INFO  no build target found for D:\Универ\Учеба\4 курс\2 семестр\JAVAП\cryptotracker\src\main\java\com\cryptotracker\cryptotracker\service\CryptoService.java. Using fallback presentation compiler.
2026.03.04 16:05:30 INFO  no build target found for D:\Универ\Учеба\4 курс\2 семестр\JAVAП\cryptotracker\src\main\java\com\cryptotracker\cryptotracker\service\CryptoService.java. Using fallback presentation compiler.
2026.03.04 16:05:30 INFO  no build target found for D:\Универ\Учеба\4 курс\2 семестр\JAVAП\cryptotracker\src\main\java\com\cryptotracker\cryptotracker\service\CryptoService.java. Using fallback presentation compiler.
2026.03.04 16:05:31 INFO  no build target found for D:\Универ\Учеба\4 курс\2 семестр\JAVAП\cryptotracker\src\main\java\com\cryptotracker\cryptotracker\service\CryptoService.java. Using fallback presentation compiler.
2026.03.04 16:05:32 INFO  no build target found for D:\Универ\Учеба\4 курс\2 семестр\JAVAП\cryptotracker\src\main\java\com\cryptotracker\cryptotracker\service\CryptoService.java. Using fallback presentation compiler.
2026.03.04 16:05:32 INFO  no build target found for D:\Универ\Учеба\4 курс\2 семестр\JAVAП\cryptotracker\src\main\java\com\cryptotracker\cryptotracker\service\CryptoService.java. Using fallback presentation compiler.
2026.03.04 16:05:33 WARN  no build target for: D:\Универ\Учеба\4 курс\2 семестр\JAVAП\cryptotracker\src\main\java\com\cryptotracker\cryptotracker\service\CryptoService.java
2026.03.04 16:05:33 INFO  no build target found for D:\Универ\Учеба\4 курс\2 семестр\JAVAП\cryptotracker\src\main\java\com\cryptotracker\cryptotracker\service\CryptoService.java. Using fallback presentation compiler.
2026.03.04 16:05:40 INFO  no build target found for D:\Универ\Учеба\4 курс\2 семестр\JAVAП\cryptotracker\src\main\java\com\cryptotracker\cryptotracker\service\CryptoService.java. Using fallback presentation compiler.
2026.03.04 16:05:40 INFO  no build target found for D:\Универ\Учеба\4 курс\2 семестр\JAVAП\cryptotracker\src\main\java\com\cryptotracker\cryptotracker\service\CryptoService.java. Using fallback presentation compiler.
2026.03.04 16:05:43 INFO  no build target found for D:\Универ\Учеба\4 курс\2 семестр\JAVAП\cryptotracker\src\main\java\com\cryptotracker\cryptotracker\entity\Portfolio.java. Using fallback presentation compiler.
2026.03.04 16:05:43 INFO  no build target found for D:\Универ\Учеба\4 курс\2 семестр\JAVAП\cryptotracker\src\main\java\com\cryptotracker\cryptotracker\entity\Portfolio.java. Using fallback presentation compiler.
2026.03.04 16:05:43 INFO  no build target found for D:\Универ\Учеба\4 курс\2 семестр\JAVAП\cryptotracker\src\main\java\com\cryptotracker\cryptotracker\entity\Portfolio.java. Using fallback presentation compiler.
2026.03.04 16:05:45 WARN  no build target for: D:\Универ\Учеба\4 курс\2 семестр\JAVAП\cryptotracker\src\main\java\com\cryptotracker\cryptotracker\repository\PortfolioRepository.java
2026.03.04 16:05:45 INFO  no build target found for D:\Универ\Учеба\4 курс\2 семестр\JAVAП\cryptotracker\src\main\java\com\cryptotracker\cryptotracker\repository\PortfolioRepository.java. Using fallback presentation compiler.
2026.03.04 16:05:46 INFO  no build target found for D:\Универ\Учеба\4 курс\2 семестр\JAVAП\cryptotracker\src\main\java\com\cryptotracker\cryptotracker\repository\PortfolioRepository.java. Using fallback presentation compiler.
2026.03.04 16:05:45 INFO  no build target found for D:\Универ\Учеба\4 курс\2 семестр\JAVAП\cryptotracker\src\main\java\com\cryptotracker\cryptotracker\repository\PortfolioRepository.java. Using fallback presentation compiler.
2026.03.04 16:05:48 INFO  no build target found for D:\Универ\Учеба\4 курс\2 семестр\JAVAП\cryptotracker\src\main\java\com\cryptotracker\cryptotracker\repository\PortfolioRepository.java. Using fallback presentation compiler.
2026.03.04 16:05:49 INFO  no build target found for D:\Универ\Учеба\4 курс\2 семестр\JAVAП\cryptotracker\src\main\java\com\cryptotracker\cryptotracker\repository\PortfolioRepository.java. Using fallback presentation compiler.
2026.03.04 16:05:49 INFO  no build target found for D:\Универ\Учеба\4 курс\2 семестр\JAVAП\cryptotracker\src\main\java\com\cryptotracker\cryptotracker\repository\PortfolioRepository.java. Using fallback presentation compiler.
2026.03.04 16:05:49 INFO  no build target found for D:\Универ\Учеба\4 курс\2 семестр\JAVAП\cryptotracker\src\main\java\com\cryptotracker\cryptotracker\repository\PortfolioRepository.java. Using fallback presentation compiler.
2026.03.04 16:05:49 INFO  no build target found for D:\Универ\Учеба\4 курс\2 семестр\JAVAП\cryptotracker\src\main\java\com\cryptotracker\cryptotracker\repository\PortfolioRepository.java. Using fallback presentation compiler.
2026.03.04 16:05:49 INFO  no build target found for D:\Универ\Учеба\4 курс\2 семестр\JAVAП\cryptotracker\src\main\java\com\cryptotracker\cryptotracker\repository\PortfolioRepository.java. Using fallback presentation compiler.
мар. 04, 2026 4:05:49 PM org.eclipse.lsp4j.jsonrpc.RemoteEndpoint handleCancellation
WARNING: Unmatched cancel notification for request id 257
2026.03.04 16:05:50 WARN  no build target for: D:\Универ\Учеба\4 курс\2 семестр\JAVAП\cryptotracker\src\main\java\com\cryptotracker\cryptotracker\repository\PortfolioRepository.java
2026.03.04 16:05:50 INFO  no build target found for D:\Универ\Учеба\4 курс\2 семестр\JAVAП\cryptotracker\src\main\java\com\cryptotracker\cryptotracker\repository\PortfolioRepository.java. Using fallback presentation compiler.
2026.03.04 16:05:50 INFO  no build target found for D:\Универ\Учеба\4 курс\2 семестр\JAVAП\cryptotracker\src\main\java\com\cryptotracker\cryptotracker\repository\PortfolioRepository.java. Using fallback presentation compiler.
2026.03.04 16:06:05 WARN  no build target for: D:\Универ\Учеба\4 курс\2 семестр\JAVAП\cryptotracker\src\main\java\com\cryptotracker\cryptotracker\entity\Portfolio.java
2026.03.04 16:06:05 INFO  no build target found for D:\Универ\Учеба\4 курс\2 семестр\JAVAП\cryptotracker\src\main\java\com\cryptotracker\cryptotracker\entity\Portfolio.java. Using fallback presentation compiler.
2026.03.04 16:06:05 INFO  no build target found for D:\Универ\Учеба\4 курс\2 семестр\JAVAП\cryptotracker\src\main\java\com\cryptotracker\cryptotracker\entity\Portfolio.java. Using fallback presentation compiler.
2026.03.04 16:06:05 INFO  no build target found for D:\Универ\Учеба\4 курс\2 семестр\JAVAП\cryptotracker\src\main\java\com\cryptotracker\cryptotracker\entity\Portfolio.java. Using fallback presentation compiler.
2026.03.04 16:06:08 INFO  no build target found for D:\Универ\Учеба\4 курс\2 семестр\JAVAП\cryptotracker\src\main\java\com\cryptotracker\cryptotracker\entity\Portfolio.java. Using fallback presentation compiler.
2026.03.04 16:06:09 INFO  no build target found for D:\Универ\Учеба\4 курс\2 семестр\JAVAП\cryptotracker\src\main\java\com\cryptotracker\cryptotracker\entity\Portfolio.java. Using fallback presentation compiler.
2026.03.04 16:06:09 INFO  no build target found for D:\Универ\Учеба\4 курс\2 семестр\JAVAП\cryptotracker\src\main\java\com\cryptotracker\cryptotracker\entity\Portfolio.java. Using fallback presentation compiler.
2026.03.04 16:06:09 INFO  no build target found for D:\Универ\Учеба\4 курс\2 семестр\JAVAП\cryptotracker\src\main\java\com\cryptotracker\cryptotracker\entity\Portfolio.java. Using fallback presentation compiler.
2026.03.04 16:06:11 WARN  no build target for: D:\Универ\Учеба\4 курс\2 семестр\JAVAП\cryptotracker\src\main\java\com\cryptotracker\cryptotracker\entity\Portfolio.java
2026.03.04 16:06:11 INFO  no build target found for D:\Универ\Учеба\4 курс\2 семестр\JAVAП\cryptotracker\src\main\java\com\cryptotracker\cryptotracker\entity\Portfolio.java. Using fallback presentation compiler.
2026.03.04 16:06:11 WARN  Running javac-semanticdb failed for file:///D:/Универ/Учеба/4%20курс/2%20семестр/JAVAП/cryptotracker/src/main/java/com/cryptotracker/cryptotracker/entity/Portfolio.java. Output:

2026.03.04 16:06:11 INFO  no build target found for D:\Универ\Учеба\4 курс\2 семестр\JAVAП\cryptotracker\src\main\java\com\cryptotracker\cryptotracker\entity\Portfolio.java. Using fallback presentation compiler.
2026.03.04 16:06:11 INFO  no build target found for D:\Универ\Учеба\4 курс\2 семестр\JAVAП\cryptotracker\src\main\java\com\cryptotracker\cryptotracker\entity\Portfolio.java. Using fallback presentation compiler.
2026.03.04 16:06:11 INFO  no build target found for D:\Универ\Учеба\4 курс\2 семестр\JAVAП\cryptotracker\src\main\java\com\cryptotracker\cryptotracker\entity\Portfolio.java. Using fallback presentation compiler.
2026.03.04 16:06:12 INFO  no build target found for D:\Универ\Учеба\4 курс\2 семестр\JAVAП\cryptotracker\src\main\java\com\cryptotracker\cryptotracker\entity\Coin.java. Using fallback presentation compiler.
2026.03.04 16:06:12 INFO  no build target found for D:\Универ\Учеба\4 курс\2 семестр\JAVAП\cryptotracker\src\main\java\com\cryptotracker\cryptotracker\entity\Coin.java. Using fallback presentation compiler.
2026.03.04 16:06:12 INFO  no build target found for D:\Универ\Учеба\4 курс\2 семестр\JAVAП\cryptotracker\src\main\java\com\cryptotracker\cryptotracker\entity\Coin.java. Using fallback presentation compiler.
2026.03.04 16:06:13 INFO  no build target found for D:\Универ\Учеба\4 курс\2 семестр\JAVAП\cryptotracker\src\main\java\com\cryptotracker\cryptotracker\entity\Coin.java. Using fallback presentation compiler.
2026.03.04 16:06:13 INFO  no build target found for D:\Универ\Учеба\4 курс\2 семестр\JAVAП\cryptotracker\src\main\java\com\cryptotracker\cryptotracker\entity\Coin.java. Using fallback presentation compiler.
2026.03.04 16:06:13 INFO  no build target found for D:\Универ\Учеба\4 курс\2 семестр\JAVAП\cryptotracker\src\main\java\com\cryptotracker\cryptotracker\entity\Coin.java. Using fallback presentation compiler.
2026.03.04 16:06:14 INFO  no build target found for D:\Универ\Учеба\4 курс\2 семестр\JAVAП\cryptotracker\src\main\java\com\cryptotracker\cryptotracker\entity\Coin.java. Using fallback presentation compiler.
2026.03.04 16:06:14 INFO  no build target found for D:\Универ\Учеба\4 курс\2 семестр\JAVAП\cryptotracker\src\main\java\com\cryptotracker\cryptotracker\entity\Coin.java. Using fallback presentation compiler.
2026.03.04 16:06:14 INFO  no build target found for D:\Универ\Учеба\4 курс\2 семестр\JAVAП\cryptotracker\src\main\java\com\cryptotracker\cryptotracker\entity\Coin.java. Using fallback presentation compiler.
2026.03.04 16:06:14 INFO  no build target found for D:\Универ\Учеба\4 курс\2 семестр\JAVAП\cryptotracker\src\main\java\com\cryptotracker\cryptotracker\entity\Coin.java. Using fallback presentation compiler.
2026.03.04 16:06:14 INFO  no build target found for D:\Универ\Учеба\4 курс\2 семестр\JAVAП\cryptotracker\src\main\java\com\cryptotracker\cryptotracker\entity\Coin.java. Using fallback presentation compiler.
2026.03.04 16:06:17 INFO  no build target found for D:\Универ\Учеба\4 курс\2 семестр\JAVAП\cryptotracker\src\main\java\com\cryptotracker\cryptotracker\entity\Coin.java. Using fallback presentation compiler.
2026.03.04 16:06:19 INFO  no build target found for D:\Универ\Учеба\4 курс\2 семестр\JAVAП\cryptotracker\src\main\java\com\cryptotracker\cryptotracker\entity\Coin.java. Using fallback presentation compiler.
2026.03.04 16:06:19 INFO  no build target found for D:\Универ\Учеба\4 курс\2 семестр\JAVAП\cryptotracker\src\main\java\com\cryptotracker\cryptotracker\entity\Coin.java. Using fallback presentation compiler.
2026.03.04 16:06:20 INFO  no build target found for D:\Универ\Учеба\4 курс\2 семестр\JAVAП\cryptotracker\src\main\java\com\cryptotracker\cryptotracker\entity\Coin.java. Using fallback presentation compiler.
2026.03.04 16:06:20 INFO  no build target found for D:\Универ\Учеба\4 курс\2 семестр\JAVAП\cryptotracker\src\main\java\com\cryptotracker\cryptotracker\entity\Coin.java. Using fallback presentation compiler.
2026.03.04 16:06:22 INFO  no build target found for D:\Универ\Учеба\4 курс\2 семестр\JAVAП\cryptotracker\src\main\java\com\cryptotracker\cryptotracker\entity\Coin.java. Using fallback presentation compiler.
2026.03.04 16:06:22 INFO  no build target found for D:\Универ\Учеба\4 курс\2 семестр\JAVAП\cryptotracker\src\main\java\com\cryptotracker\cryptotracker\entity\Coin.java. Using fallback presentation compiler.
2026.03.04 16:06:22 INFO  no build target found for D:\Универ\Учеба\4 курс\2 семестр\JAVAП\cryptotracker\src\main\java\com\cryptotracker\cryptotracker\entity\Coin.java. Using fallback presentation compiler.
2026.03.04 16:06:22 WARN  no build target for: D:\Универ\Учеба\4 курс\2 семестр\JAVAП\cryptotracker\src\main\java\com\cryptotracker\cryptotracker\entity\Coin.java
2026.03.04 16:06:22 INFO  no build target found for D:\Универ\Учеба\4 курс\2 семестр\JAVAП\cryptotracker\src\main\java\com\cryptotracker\cryptotracker\entity\Coin.java. Using fallback presentation compiler.
2026.03.04 16:06:22 WARN  Running javac-semanticdb failed for file:///D:/Универ/Учеба/4%20курс/2%20семестр/JAVAП/cryptotracker/src/main/java/com/cryptotracker/cryptotracker/entity/Coin.java. Output:

2026.03.04 16:06:22 INFO  no build target found for D:\Универ\Учеба\4 курс\2 семестр\JAVAП\cryptotracker\src\main\java\com\cryptotracker\cryptotracker\entity\Coin.java. Using fallback presentation compiler.
2026.03.04 16:06:31 INFO  no build target found for D:\Универ\Учеба\4 курс\2 семестр\JAVAП\cryptotracker\src\main\java\com\cryptotracker\cryptotracker\entity\Coin.java. Using fallback presentation compiler.
2026.03.04 16:06:56 INFO  no build target found for D:\Универ\Учеба\4 курс\2 семестр\JAVAП\cryptotracker\src\main\java\com\cryptotracker\cryptotracker\CryptotrackerApplication.java. Using fallback presentation compiler.
2026.03.04 16:06:56 INFO  no build target found for D:\Универ\Учеба\4 курс\2 семестр\JAVAП\cryptotracker\src\main\java\com\cryptotracker\cryptotracker\CryptotrackerApplication.java. Using fallback presentation compiler.
2026.03.04 16:09:56 INFO  no build target found for D:\Универ\Учеба\4 курс\2 семестр\JAVAП\cryptotracker\src\main\java\com\cryptotracker\cryptotracker\CryptotrackerApplication.java. Using fallback presentation compiler.
2026.03.04 16:10:37 WARN  no build target for: D:\Универ\Учеба\4 курс\2 семестр\JAVAП\cryptotracker\src\main\java\com\cryptotracker\cryptotracker\controller\MainController.java
2026.03.04 16:10:37 INFO  no build target found for D:\Универ\Учеба\4 курс\2 семестр\JAVAП\cryptotracker\src\main\java\com\cryptotracker\cryptotracker\controller\MainController.java. Using fallback presentation compiler.
2026.03.04 16:10:37 INFO  no build target found for D:\Универ\Учеба\4 курс\2 семестр\JAVAП\cryptotracker\src\main\java\com\cryptotracker\cryptotracker\controller\MainController.java. Using fallback presentation compiler.
2026.03.04 16:10:37 INFO  no build target found for D:\Универ\Учеба\4 курс\2 семестр\JAVAП\cryptotracker\src\main\java\com\cryptotracker\cryptotracker\controller\MainController.java. Using fallback presentation compiler.
2026.03.04 16:10:37 INFO  no build target found for D:\Универ\Учеба\4 курс\2 семестр\JAVAП\cryptotracker\src\main\java\com\cryptotracker\cryptotracker\controller\MainController.java. Using fallback presentation compiler.
2026.03.04 16:10:37 INFO  no build target found for D:\Универ\Учеба\4 курс\2 семестр\JAVAП\cryptotracker\src\main\java\com\cryptotracker\cryptotracker\controller\MainController.java. Using fallback presentation compiler.
2026.03.04 16:10:38 INFO  no build target found for D:\Универ\Учеба\4 курс\2 семестр\JAVAП\cryptotracker\src\main\java\com\cryptotracker\cryptotracker\controller\MainController.java. Using fallback presentation compiler.
2026.03.04 16:10:38 INFO  no build target found for D:\Универ\Учеба\4 курс\2 семестр\JAVAП\cryptotracker\src\main\java\com\cryptotracker\cryptotracker\controller\MainController.java. Using fallback presentation compiler.
2026.03.04 16:10:40 INFO  no build target found for D:\Универ\Учеба\4 курс\2 семестр\JAVAП\cryptotracker\src\main\java\com\cryptotracker\cryptotracker\controller\MainController.java. Using fallback presentation compiler.
2026.03.04 16:10:40 INFO  no build target found for D:\Универ\Учеба\4 курс\2 семестр\JAVAП\cryptotracker\src\main\java\com\cryptotracker\cryptotracker\controller\MainController.java. Using fallback presentation compiler.
2026.03.04 16:10:41 INFO  no build target found for D:\Универ\Учеба\4 курс\2 семестр\JAVAП\cryptotracker\src\main\java\com\cryptotracker\cryptotracker\controller\MainController.java. Using fallback presentation compiler.
2026.03.04 16:10:41 INFO  no build target found for D:\Универ\Учеба\4 курс\2 семестр\JAVAП\cryptotracker\src\main\java\com\cryptotracker\cryptotracker\controller\MainController.java. Using fallback presentation compiler.
2026.03.04 16:10:41 INFO  no build target found for D:\Универ\Учеба\4 курс\2 семестр\JAVAП\cryptotracker\src\main\java\com\cryptotracker\cryptotracker\controller\MainController.java. Using fallback presentation compiler.
2026.03.04 16:10:41 INFO  no build target found for D:\Универ\Учеба\4 курс\2 семестр\JAVAП\cryptotracker\src\main\java\com\cryptotracker\cryptotracker\controller\MainController.java. Using fallback presentation compiler.
2026.03.04 16:11:10 INFO  no build target found for D:\Универ\Учеба\4 курс\2 семестр\JAVAП\cryptotracker\src\main\java\com\cryptotracker\cryptotracker\controller\MainController.java. Using fallback presentation compiler.
2026.03.04 16:11:10 INFO  no build target found for D:\Универ\Учеба\4 курс\2 семестр\JAVAП\cryptotracker\src\main\java\com\cryptotracker\cryptotracker\controller\MainController.java. Using fallback presentation compiler.
2026.03.04 16:11:10 INFO  no build target found for D:\Универ\Учеба\4 курс\2 семестр\JAVAП\cryptotracker\src\main\java\com\cryptotracker\cryptotracker\controller\MainController.java. Using fallback presentation compiler.
2026.03.04 16:11:12 INFO  no build target found for D:\Универ\Учеба\4 курс\2 семестр\JAVAП\cryptotracker\src\main\java\com\cryptotracker\cryptotracker\controller\MainController.java. Using fallback presentation compiler.
2026.03.04 16:11:12 INFO  no build target found for D:\Универ\Учеба\4 курс\2 семестр\JAVAП\cryptotracker\src\main\java\com\cryptotracker\cryptotracker\controller\MainController.java. Using fallback presentation compiler.
2026.03.04 16:11:12 INFO  no build target found for D:\Универ\Учеба\4 курс\2 семестр\JAVAП\cryptotracker\src\main\java\com\cryptotracker\cryptotracker\controller\MainController.java. Using fallback presentation compiler.
2026.03.04 16:11:12 INFO  no build target found for D:\Универ\Учеба\4 курс\2 семестр\JAVAП\cryptotracker\src\main\java\com\cryptotracker\cryptotracker\controller\MainController.java. Using fallback presentation compiler.
2026.03.04 16:11:12 INFO  no build target found for D:\Универ\Учеба\4 курс\2 семестр\JAVAП\cryptotracker\src\main\java\com\cryptotracker\cryptotracker\controller\MainController.java. Using fallback presentation compiler.
2026.03.04 16:11:13 INFO  no build target found for D:\Универ\Учеба\4 курс\2 семестр\JAVAП\cryptotracker\src\main\java\com\cryptotracker\cryptotracker\controller\MainController.java. Using fallback presentation compiler.
2026.03.04 16:11:13 INFO  no build target found for D:\Универ\Учеба\4 курс\2 семестр\JAVAП\cryptotracker\src\main\java\com\cryptotracker\cryptotracker\controller\MainController.java. Using fallback presentation compiler.
2026.03.04 16:11:15 INFO  no build target found for D:\Универ\Учеба\4 курс\2 семестр\JAVAП\cryptotracker\src\main\java\com\cryptotracker\cryptotracker\controller\MainController.java. Using fallback presentation compiler.
2026.03.04 16:11:15 INFO  no build target found for D:\Универ\Учеба\4 курс\2 семестр\JAVAП\cryptotracker\src\main\java\com\cryptotracker\cryptotracker\controller\MainController.java. Using fallback presentation compiler.
2026.03.04 16:11:15 INFO  no build target found for D:\Универ\Учеба\4 курс\2 семестр\JAVAП\cryptotracker\src\main\java\com\cryptotracker\cryptotracker\controller\MainController.java. Using fallback presentation compiler.
2026.03.04 16:11:16 INFO  no build target found for D:\Универ\Учеба\4 курс\2 семестр\JAVAП\cryptotracker\src\main\java\com\cryptotracker\cryptotracker\controller\MainController.java. Using fallback presentation compiler.
2026.03.04 16:11:16 INFO  no build target found for D:\Универ\Учеба\4 курс\2 семестр\JAVAП\cryptotracker\src\main\java\com\cryptotracker\cryptotracker\controller\MainController.java. Using fallback presentation compiler.
2026.03.04 16:11:16 INFO  no build target found for D:\Универ\Учеба\4 курс\2 семестр\JAVAП\cryptotracker\src\main\java\com\cryptotracker\cryptotracker\controller\MainController.java. Using fallback presentation compiler.
2026.03.04 16:11:16 INFO  no build target found for D:\Универ\Учеба\4 курс\2 семестр\JAVAП\cryptotracker\src\main\java\com\cryptotracker\cryptotracker\controller\MainController.java. Using fallback presentation compiler.
2026.03.04 16:11:16 INFO  no build target found for D:\Универ\Учеба\4 курс\2 семестр\JAVAП\cryptotracker\src\main\java\com\cryptotracker\cryptotracker\controller\MainController.java. Using fallback presentation compiler.
2026.03.04 16:11:18 INFO  no build target found for D:\Универ\Учеба\4 курс\2 семестр\JAVAП\cryptotracker\src\main\java\com\cryptotracker\cryptotracker\controller\MainController.java. Using fallback presentation compiler.
2026.03.04 16:11:18 INFO  no build target found for D:\Универ\Учеба\4 курс\2 семестр\JAVAП\cryptotracker\src\main\java\com\cryptotracker\cryptotracker\controller\MainController.java. Using fallback presentation compiler.
мар. 04, 2026 4:11:18 PM org.eclipse.lsp4j.jsonrpc.RemoteEndpoint handleCancellation
WARNING: Unmatched cancel notification for request id 381
2026.03.04 16:11:20 INFO  no build target found for D:\Универ\Учеба\4 курс\2 семестр\JAVAП\cryptotracker\src\main\java\com\cryptotracker\cryptotracker\controller\MainController.java. Using fallback presentation compiler.
2026.03.04 16:11:21 INFO  no build target found for D:\Универ\Учеба\4 курс\2 семестр\JAVAП\cryptotracker\src\main\java\com\cryptotracker\cryptotracker\controller\MainController.java. Using fallback presentation compiler.
2026.03.04 16:11:21 INFO  no build target found for D:\Универ\Учеба\4 курс\2 семестр\JAVAП\cryptotracker\src\main\java\com\cryptotracker\cryptotracker\controller\MainController.java. Using fallback presentation compiler.
2026.03.04 16:11:21 INFO  no build target found for D:\Универ\Учеба\4 курс\2 семестр\JAVAП\cryptotracker\src\main\java\com\cryptotracker\cryptotracker\controller\MainController.java. Using fallback presentation compiler.
2026.03.04 16:11:22 INFO  no build target found for D:\Универ\Учеба\4 курс\2 семестр\JAVAП\cryptotracker\src\main\java\com\cryptotracker\cryptotracker\controller\MainController.java. Using fallback presentation compiler.
2026.03.04 16:11:21 INFO  no build target found for D:\Универ\Учеба\4 курс\2 семестр\JAVAП\cryptotracker\src\main\java\com\cryptotracker\cryptotracker\controller\MainController.java. Using fallback presentation compiler.
2026.03.04 16:11:21 INFO  no build target found for D:\Универ\Учеба\4 курс\2 семестр\JAVAП\cryptotracker\src\main\java\com\cryptotracker\cryptotracker\controller\MainController.java. Using fallback presentation compiler.
2026.03.04 16:11:26 INFO  no build target found for D:\Универ\Учеба\4 курс\2 семестр\JAVAП\cryptotracker\src\main\java\com\cryptotracker\cryptotracker\controller\MainController.java. Using fallback presentation compiler.
2026.03.04 16:11:26 INFO  no build target found for D:\Универ\Учеба\4 курс\2 семестр\JAVAП\cryptotracker\src\main\java\com\cryptotracker\cryptotracker\controller\MainController.java. Using fallback presentation compiler.
2026.03.04 16:11:27 INFO  no build target found for D:\Универ\Учеба\4 курс\2 семестр\JAVAП\cryptotracker\src\main\java\com\cryptotracker\cryptotracker\controller\MainController.java. Using fallback presentation compiler.
2026.03.04 16:11:27 INFO  no build target found for D:\Универ\Учеба\4 курс\2 семестр\JAVAП\cryptotracker\src\main\java\com\cryptotracker\cryptotracker\controller\MainController.java. Using fallback presentation compiler.
2026.03.04 16:12:16 INFO  no build target found for D:\Универ\Учеба\4 курс\2 семестр\JAVAП\cryptotracker\src\main\java\com\cryptotracker\cryptotracker\controller\MainController.java. Using fallback presentation compiler.
2026.03.04 16:12:18 INFO  no build target found for D:\Универ\Учеба\4 курс\2 семестр\JAVAП\cryptotracker\src\main\java\com\cryptotracker\cryptotracker\CryptotrackerApplication.java. Using fallback presentation compiler.
2026.03.04 16:12:18 INFO  no build target found for D:\Универ\Учеба\4 курс\2 семестр\JAVAП\cryptotracker\src\main\java\com\cryptotracker\cryptotracker\CryptotrackerApplication.java. Using fallback presentation compiler.
2026.03.04 16:12:43 INFO  no build target found for D:\Универ\Учеба\4 курс\2 семестр\JAVAП\cryptotracker\src\main\java\com\cryptotracker\cryptotracker\CryptotrackerApplication.java. Using fallback presentation compiler.
2026.03.04 16:12:43 INFO  no build target found for D:\Универ\Учеба\4 курс\2 семестр\JAVAП\cryptotracker\src\main\java\com\cryptotracker\cryptotracker\CryptotrackerApplication.java. Using fallback presentation compiler.
2026.03.04 16:14:07 WARN  no build target for: D:\Универ\Учеба\4 курс\2 семестр\JAVAП\cryptotracker\src\main\java\com\cryptotracker\cryptotracker\CryptotrackerApplication.java
2026.03.04 16:14:07 INFO  no build target found for D:\Универ\Учеба\4 курс\2 семестр\JAVAП\cryptotracker\src\main\java\com\cryptotracker\cryptotracker\CryptotrackerApplication.java. Using fallback presentation compiler.
2026.03.04 16:14:08 INFO  no build target found for D:\Универ\Учеба\4 курс\2 семестр\JAVAП\cryptotracker\src\main\java\com\cryptotracker\cryptotracker\CryptotrackerApplication.java. Using fallback presentation compiler.
2026.03.04 16:17:19 INFO  no build target found for D:\Универ\Учеба\4 курс\2 семестр\JAVAП\cryptotracker\src\main\java\com\cryptotracker\cryptotracker\CryptotrackerApplication.java. Using fallback presentation compiler.
2026.03.04 16:18:48 WARN  no build target for: D:\Универ\Учеба\4 курс\2 семестр\JAVAП\cryptotracker\src\main\java\com\cryptotracker\cryptotracker\controller\MainController.java
2026.03.04 16:18:48 INFO  no build target found for D:\Универ\Учеба\4 курс\2 семестр\JAVAП\cryptotracker\src\main\java\com\cryptotracker\cryptotracker\controller\MainController.java. Using fallback presentation compiler.
2026.03.04 16:18:48 INFO  no build target found for D:\Универ\Учеба\4 курс\2 семестр\JAVAП\cryptotracker\src\main\java\com\cryptotracker\cryptotracker\controller\MainController.java. Using fallback presentation compiler.
2026.03.04 16:18:48 INFO  no build target found for D:\Универ\Учеба\4 курс\2 семестр\JAVAП\cryptotracker\src\main\java\com\cryptotracker\cryptotracker\controller\MainController.java. Using fallback presentation compiler.
2026.03.04 16:18:49 INFO  no build target found for D:\Универ\Учеба\4 курс\2 семестр\JAVAП\cryptotracker\src\main\java\com\cryptotracker\cryptotracker\controller\MainController.java. Using fallback presentation compiler.
2026.03.04 16:18:49 INFO  no build target found for D:\Универ\Учеба\4 курс\2 семестр\JAVAП\cryptotracker\src\main\java\com\cryptotracker\cryptotracker\controller\MainController.java. Using fallback presentation compiler.
2026.03.04 16:18:49 INFO  no build target found for D:\Универ\Учеба\4 курс\2 семестр\JAVAП\cryptotracker\src\main\java\com\cryptotracker\cryptotracker\controller\MainController.java. Using fallback presentation compiler.
2026.03.04 16:18:49 INFO  no build target found for D:\Универ\Учеба\4 курс\2 семестр\JAVAП\cryptotracker\src\main\java\com\cryptotracker\cryptotracker\controller\MainController.java. Using fallback presentation compiler.
2026.03.04 16:18:53 INFO  no build target found for D:\Универ\Учеба\4 курс\2 семестр\JAVAП\cryptotracker\src\main\java\com\cryptotracker\cryptotracker\controller\MainController.java. Using fallback presentation compiler.
2026.03.04 16:18:53 INFO  no build target found for D:\Универ\Учеба\4 курс\2 семестр\JAVAП\cryptotracker\src\main\java\com\cryptotracker\cryptotracker\controller\MainController.java. Using fallback presentation compiler.
2026.03.04 16:18:54 INFO  no build target found for D:\Универ\Учеба\4 курс\2 семестр\JAVAП\cryptotracker\src\main\java\com\cryptotracker\cryptotracker\controller\MainController.java. Using fallback presentation compiler.
2026.03.04 16:18:55 INFO  no build target found for D:\Универ\Учеба\4 курс\2 семестр\JAVAП\cryptotracker\src\main\java\com\cryptotracker\cryptotracker\controller\MainController.java. Using fallback presentation compiler.
2026.03.04 16:18:55 INFO  no build target found for D:\Универ\Учеба\4 курс\2 семестр\JAVAП\cryptotracker\src\main\java\com\cryptotracker\cryptotracker\controller\MainController.java. Using fallback presentation compiler.
2026.03.04 16:18:55 INFO  no build target found for D:\Универ\Учеба\4 курс\2 семестр\JAVAП\cryptotracker\src\main\java\com\cryptotracker\cryptotracker\controller\MainController.java. Using fallback presentation compiler.
2026.03.04 16:18:55 INFO  no build target found for D:\Универ\Учеба\4 курс\2 семестр\JAVAП\cryptotracker\src\main\java\com\cryptotracker\cryptotracker\controller\MainController.java. Using fallback presentation compiler.
2026.03.04 16:18:56 INFO  no build target found for D:\Универ\Учеба\4 курс\2 семестр\JAVAП\cryptotracker\src\main\java\com\cryptotracker\cryptotracker\controller\MainController.java. Using fallback presentation compiler.
2026.03.04 16:18:56 INFO  no build target found for D:\Универ\Учеба\4 курс\2 семестр\JAVAП\cryptotracker\src\main\java\com\cryptotracker\cryptotracker\controller\MainController.java. Using fallback presentation compiler.
2026.03.04 16:18:57 INFO  no build target found for D:\Универ\Учеба\4 курс\2 семестр\JAVAП\cryptotracker\src\main\java\com\cryptotracker\cryptotracker\controller\MainController.java. Using fallback presentation compiler.
2026.03.04 16:18:57 INFO  no build target found for D:\Универ\Учеба\4 курс\2 семестр\JAVAП\cryptotracker\src\main\java\com\cryptotracker\cryptotracker\controller\MainController.java. Using fallback presentation compiler.
2026.03.04 16:18:57 INFO  no build target found for D:\Универ\Учеба\4 курс\2 семестр\JAVAП\cryptotracker\src\main\java\com\cryptotracker\cryptotracker\controller\MainController.java. Using fallback presentation compiler.
2026.03.04 16:18:57 INFO  no build target found for D:\Универ\Учеба\4 курс\2 семестр\JAVAП\cryptotracker\src\main\java\com\cryptotracker\cryptotracker\controller\MainController.java. Using fallback presentation compiler.
2026.03.04 16:18:57 INFO  no build target found for D:\Универ\Учеба\4 курс\2 семестр\JAVAП\cryptotracker\src\main\java\com\cryptotracker\cryptotracker\controller\MainController.java. Using fallback presentation compiler.
2026.03.04 16:18:58 INFO  no build target found for D:\Универ\Учеба\4 курс\2 семестр\JAVAП\cryptotracker\src\main\java\com\cryptotracker\cryptotracker\controller\MainController.java. Using fallback presentation compiler.
2026.03.04 16:18:57 INFO  no build target found for D:\Универ\Учеба\4 курс\2 семестр\JAVAП\cryptotracker\src\main\java\com\cryptotracker\cryptotracker\controller\MainController.java. Using fallback presentation compiler.
2026.03.04 16:18:58 INFO  no build target found for D:\Универ\Учеба\4 курс\2 семестр\JAVAП\cryptotracker\src\main\java\com\cryptotracker\cryptotracker\controller\MainController.java. Using fallback presentation compiler.
2026.03.04 16:18:58 INFO  no build target found for D:\Универ\Учеба\4 курс\2 семестр\JAVAП\cryptotracker\src\main\java\com\cryptotracker\cryptotracker\controller\MainController.java. Using fallback presentation compiler.
2026.03.04 16:18:59 INFO  no build target found for D:\Универ\Учеба\4 курс\2 семестр\JAVAП\cryptotracker\src\main\java\com\cryptotracker\cryptotracker\controller\MainController.java. Using fallback presentation compiler.
2026.03.04 16:18:58 INFO  no build target found for D:\Универ\Учеба\4 курс\2 семестр\JAVAП\cryptotracker\src\main\java\com\cryptotracker\cryptotracker\controller\MainController.java. Using fallback presentation compiler.
2026.03.04 16:19:00 WARN  no build target for: D:\Универ\Учеба\4 курс\2 семестр\JAVAП\cryptotracker\src\main\java\com\cryptotracker\cryptotracker\controller\MainController.java
2026.03.04 16:19:00 INFO  no build target found for D:\Универ\Учеба\4 курс\2 семестр\JAVAП\cryptotracker\src\main\java\com\cryptotracker\cryptotracker\controller\MainController.java. Using fallback presentation compiler.
2026.03.04 16:19:00 WARN  Running javac-semanticdb failed for file:///D:/Универ/Учеба/4%20курс/2%20семестр/JAVAП/cryptotracker/src/main/java/com/cryptotracker/cryptotracker/controller/MainController.java. Output:

2026.03.04 16:19:00 INFO  no build target found for D:\Универ\Учеба\4 курс\2 семестр\JAVAП\cryptotracker\src\main\java\com\cryptotracker\cryptotracker\controller\MainController.java. Using fallback presentation compiler.
2026.03.04 16:19:08 INFO  no build target found for D:\Универ\Учеба\4 курс\2 семестр\JAVAП\cryptotracker\src\main\java\com\cryptotracker\cryptotracker\controller\MainController.java. Using fallback presentation compiler.
2026.03.04 16:19:09 INFO  no build target found for D:\Универ\Учеба\4 курс\2 семестр\JAVAП\cryptotracker\src\main\java\com\cryptotracker\cryptotracker\controller\MainController.java. Using fallback presentation compiler.
2026.03.04 16:19:09 INFO  no build target found for D:\Универ\Учеба\4 курс\2 семестр\JAVAП\cryptotracker\src\main\java\com\cryptotracker\cryptotracker\controller\MainController.java. Using fallback presentation compiler.
мар. 04, 2026 4:19:10 PM org.eclipse.lsp4j.jsonrpc.RemoteEndpoint handleCancellation
WARNING: Unmatched cancel notification for request id 481
2026.03.04 16:19:32 INFO  no build target found for D:\Универ\Учеба\4 курс\2 семестр\JAVAП\cryptotracker\src\main\java\com\cryptotracker\cryptotracker\CryptotrackerApplication.java. Using fallback presentation compiler.
2026.03.04 16:19:32 INFO  no build target found for D:\Универ\Учеба\4 курс\2 семестр\JAVAП\cryptotracker\src\main\java\com\cryptotracker\cryptotracker\CryptotrackerApplication.java. Using fallback presentation compiler.
2026.03.04 16:23:20 INFO  no build target found for D:\Универ\Учеба\4 курс\2 семестр\JAVAП\cryptotracker\src\main\java\com\cryptotracker\cryptotracker\CryptotrackerApplication.java. Using fallback presentation compiler.
